[1.067s] DEBUG:colcon:Command line arguments: ['/usr/bin/colcon', 'build', '--packages-select', 'action_tutorials_cpp']
[1.068s] DEBUG:colcon:Parsed command line arguments: Namespace(ament_cmake_args=None, base_paths=['.'], build_base='build', catkin_cmake_args=None, catkin_skip_building_tests=False, cmake_args=None, cmake_clean_cache=False, cmake_clean_first=False, cmake_force_configure=False, cmake_target=None, cmake_target_skip_unavailable=False, continue_on_error=False, event_handlers=None, executor='parallel', ignore_user_meta=False, install_base='install', log_base=None, log_level=None, main=<bound method BuildVerb.main of <colcon_core.verb.build.BuildVerb object at 0x7fc2efd99b80>>, merge_install=False, metas=['./colcon.meta'], packages_above=None, packages_above_and_dependencies=None, packages_above_depth=None, packages_end=None, packages_ignore=None, packages_ignore_regex=None, packages_select=['action_tutorials_cpp'], packages_select_build_failed=False, packages_select_by_dep=None, packages_select_regex=None, packages_select_test_failures=False, packages_skip=None, packages_skip_build_finished=False, packages_skip_by_dep=None, packages_skip_regex=None, packages_skip_test_passed=False, packages_skip_up_to=None, packages_start=None, packages_up_to=None, packages_up_to_regex=None, parallel_workers=2, paths=None, symlink_install=False, test_result_base=None, verb_extension=<colcon_core.verb.build.BuildVerb object at 0x7fc2efd99b80>, verb_name='build', verb_parser=<colcon_defaults.argument_parser.defaults.DefaultArgumentsDecorator object at 0x7fc2efda4130>)
[1.089s] Level 1:colcon.colcon_core.package_discovery:discover_packages(colcon_meta) check parameters
[1.089s] Level 1:colcon.colcon_core.package_discovery:discover_packages(recursive) check parameters
[1.089s] Level 1:colcon.colcon_core.package_discovery:discover_packages(ignore) check parameters
[1.089s] Level 1:colcon.colcon_core.package_discovery:discover_packages(path) check parameters
[1.090s] Level 1:colcon.colcon_core.package_discovery:discover_packages(colcon_meta) discover
[1.090s] Level 1:colcon.colcon_core.package_discovery:discover_packages(recursive) discover
[1.090s] INFO:colcon.colcon_core.package_discovery:Crawling recursively for packages in '/home/ed/ros2_ws/src/action_tutorials_cpp/src'
[1.090s] Level 1:colcon.colcon_core.package_identification:_identify(.) by extensions ['ignore', 'ignore_ament_install']
[1.090s] Level 1:colcon.colcon_core.package_identification:_identify(.) by extension 'ignore'
[1.090s] Level 1:colcon.colcon_core.package_identification:_identify(.) by extension 'ignore_ament_install'
[1.090s] Level 1:colcon.colcon_core.package_identification:_identify(.) by extensions ['colcon_pkg']
[1.090s] Level 1:colcon.colcon_core.package_identification:_identify(.) by extension 'colcon_pkg'
[1.091s] Level 1:colcon.colcon_core.package_identification:_identify(.) by extensions ['colcon_meta']
[1.091s] Level 1:colcon.colcon_core.package_identification:_identify(.) by extension 'colcon_meta'
[1.091s] Level 1:colcon.colcon_core.package_identification:_identify(.) by extensions ['ros']
[1.091s] Level 1:colcon.colcon_core.package_identification:_identify(.) by extension 'ros'
[1.123s] Level 1:colcon.colcon_core.package_identification:_identify(.) by extensions ['cmake', 'python']
[1.124s] Level 1:colcon.colcon_core.package_identification:_identify(.) by extension 'cmake'
[1.124s] Level 1:colcon.colcon_core.package_identification:_identify(.) by extension 'python'
[1.124s] Level 1:colcon.colcon_core.package_identification:_identify(.) by extensions ['python_setup_py']
[1.124s] Level 1:colcon.colcon_core.package_identification:_identify(.) by extension 'python_setup_py'
[1.124s] Level 1:colcon.colcon_core.package_identification:_identify(build) by extensions ['ignore', 'ignore_ament_install']
[1.124s] Level 1:colcon.colcon_core.package_identification:_identify(build) by extension 'ignore'
[1.124s] Level 1:colcon.colcon_core.package_identification:_identify(build) ignored
[1.124s] Level 1:colcon.colcon_core.package_identification:_identify(install) by extensions ['ignore', 'ignore_ament_install']
[1.124s] Level 1:colcon.colcon_core.package_identification:_identify(install) by extension 'ignore'
[1.124s] Level 1:colcon.colcon_core.package_identification:_identify(install) ignored
[1.125s] Level 1:colcon.colcon_core.package_identification:_identify(log) by extensions ['ignore', 'ignore_ament_install']
[1.125s] Level 1:colcon.colcon_core.package_identification:_identify(log) by extension 'ignore'
[1.125s] Level 1:colcon.colcon_core.package_identification:_identify(log) ignored
[1.125s] Level 1:colcon.colcon_core.package_discovery:discover_packages(recursive) using defaults
[1.125s] Level 1:colcon.colcon_core.package_discovery:discover_packages(ignore) discover
[1.125s] Level 1:colcon.colcon_core.package_discovery:discover_packages(ignore) using defaults
[1.125s] Level 1:colcon.colcon_core.package_discovery:discover_packages(path) discover
[1.125s] Level 1:colcon.colcon_core.package_discovery:discover_packages(path) using defaults
[1.128s] WARNING:colcon.colcon_core.package_selection:ignoring unknown package 'action_tutorials_cpp' in --packages-select
[1.188s] INFO:colcon.colcon_core.executor:Executing jobs using 'parallel' executor
[1.197s] DEBUG:colcon.colcon_parallel_executor.executor.parallel:run_until_complete
[1.197s] DEBUG:colcon.colcon_parallel_executor.executor.parallel:closing loop
[1.198s] DEBUG:colcon.colcon_parallel_executor.executor.parallel:loop closed
[1.198s] DEBUG:colcon.colcon_parallel_executor.executor.parallel:run_until_complete finished with '0'
[1.198s] DEBUG:colcon.colcon_core.event_reactor:joining thread
[1.219s] INFO:colcon.colcon_core.plugin_system:Skipping extension 'colcon_notification.desktop_notification.terminal_notifier': Not used on non-Darwin systems
[1.221s] INFO:colcon.colcon_core.plugin_system:Skipping extension 'colcon_notification.desktop_notification.win32': Not used on non-Windows systems
[1.221s] INFO:colcon.colcon_notification.desktop_notification:Sending desktop notification using 'notify2'
[1.536s] DEBUG:colcon.colcon_core.event_reactor:joined thread
[1.556s] INFO:colcon.colcon_core.plugin_system:Skipping extension 'colcon_core.shell.bat': Not used on non-Windows systems
[1.557s] INFO:colcon.colcon_core.shell:Creating prefix script '/home/ed/ros2_ws/src/action_tutorials_cpp/src/install/local_setup.ps1'
[1.561s] INFO:colcon.colcon_core.shell:Creating prefix util module '/home/ed/ros2_ws/src/action_tutorials_cpp/src/install/_local_setup_util_ps1.py'
[1.564s] INFO:colcon.colcon_core.shell:Creating prefix chain script '/home/ed/ros2_ws/src/action_tutorials_cpp/src/install/setup.ps1'
[1.579s] INFO:colcon.colcon_core.shell:Creating prefix script '/home/ed/ros2_ws/src/action_tutorials_cpp/src/install/local_setup.sh'
[1.581s] INFO:colcon.colcon_core.shell:Creating prefix util module '/home/ed/ros2_ws/src/action_tutorials_cpp/src/install/_local_setup_util_sh.py'
[1.581s] INFO:colcon.colcon_core.shell:Creating prefix chain script '/home/ed/ros2_ws/src/action_tutorials_cpp/src/install/setup.sh'
[1.589s] INFO:colcon.colcon_core.shell:Creating prefix script '/home/ed/ros2_ws/src/action_tutorials_cpp/src/install/local_setup.bash'
[1.591s] INFO:colcon.colcon_core.shell:Creating prefix chain script '/home/ed/ros2_ws/src/action_tutorials_cpp/src/install/setup.bash'
[1.598s] INFO:colcon.colcon_core.shell:Creating prefix script '/home/ed/ros2_ws/src/action_tutorials_cpp/src/install/local_setup.zsh'
[1.600s] INFO:colcon.colcon_core.shell:Creating prefix chain script '/home/ed/ros2_ws/src/action_tutorials_cpp/src/install/setup.zsh'
